2021/10/31 14:39:42 {"callers":["/Users/sh33027ml/wangchenpeng-home/blog-service/main.go: 26 main.init.0"],"level":"info","message":"eddycjy: my-go-programming/blog-service","time":1635662382135908000}
2021/10/31 14:46:16 {"callers":["/Users/sh33027ml/wangchenpeng-home/blog-service/main.go: 26 main.init.0"],"level":"info","message":"eddycjy: my-go-programming/blog-service","time":1635662776000833000}
2021/10/31 16:51:13 {"callers":["/Users/sh33027ml/wangchenpeng-home/blog-service/main.go: 26 main.init.0"],"level":"info","message":"eddycjy: my-go-programming/blog-service","time":1635670273183471000}
2021/10/31 16:57:15 {"callers":["/Users/sh33027ml/wangchenpeng-home/blog-service/main.go: 26 main.init.0"],"level":"info","message":"eddycjy: my-go-programming/blog-service","time":1635670635225404000}
2021/10/31 18:22:37 {"callers":["/Users/sh33027ml/wangchenpeng-home/blog-service/main.go: 26 main.init.0"],"level":"info","message":"eddycjy: my-go-programming/blog-service","time":1635675757838815000}
2021/11/04 16:29:27 {"callers":["/Users/sh33027ml/wangchenpeng-home/blog-service/main.go: 26 main.init.0"],"level":"info","message":"eddycjy: my-go-programming/blog-service","time":1636014567066248000}
2021/11/05 10:22:07 {"callers":["/Users/sh33027ml/wangchenpeng-home/blog-service/main.go: 26 main.init.0"],"level":"info","message":"eddycjy: my-go-programming/blog-service","time":1636078927396438000}
2021/11/05 10:23:06 {"callers":["/Users/sh33027ml/wangchenpeng-home/blog-service/main.go: 26 main.init.0"],"level":"error","message":"app.BindAndValid errs: Name must be at least 3 characters in length","time":1636078986126524000}
2021/11/05 10:23:31 {"callers":["/Users/sh33027ml/wangchenpeng-home/blog-service/main.go: 26 main.init.0"],"level":"error","message":"svc.CreateTag err: Error 1054: Unknown column 'created_by' in 'field list'","time":1636079011967872000}
2021/11/05 10:24:56 {"callers":["/Users/sh33027ml/wangchenpeng-home/blog-service/main.go: 26 main.init.0"],"level":"error","message":"app.BindAndValid errs: Name must be at least 3 characters in length","time":1636079096911397000}
2021/11/05 10:25:00 {"callers":["/Users/sh33027ml/wangchenpeng-home/blog-service/main.go: 26 main.init.0"],"level":"error","message":"svc.CreateTag err: Error 1054: Unknown column 'created_by' in 'field list'","time":1636079100927053000}
2021/11/05 10:26:39 {"callers":["/Users/sh33027ml/wangchenpeng-home/blog-service/main.go: 26 main.init.0"],"level":"error","message":"svc.CreateTag err: Error 1054: Unknown column 'created_by' in 'field list'","time":1636079199446403000}
2021/11/05 10:26:51 {"callers":["/Users/sh33027ml/wangchenpeng-home/blog-service/main.go: 26 main.init.0"],"level":"error","message":"svc.CreateTag err: Error 1054: Unknown column 'created_by' in 'field list'","time":1636079211523831000}
2021/11/05 10:27:11 {"callers":["/Users/sh33027ml/wangchenpeng-home/blog-service/main.go: 26 main.init.0"],"level":"error","message":"svc.CreateTag err: Error 1054: Unknown column 'created_by' in 'field list'","time":1636079231562469000}
2021/11/05 10:27:18 {"callers":["/Users/sh33027ml/wangchenpeng-home/blog-service/main.go: 26 main.init.0"],"level":"error","message":"svc.CreateTag err: Error 1054: Unknown column 'created_by' in 'field list'","time":1636079238424416000}
2021/11/05 10:29:28 {"callers":["/Users/sh33027ml/wangchenpeng-home/blog-service/main.go: 26 main.init.0"],"level":"error","message":"svc.CountTag err: Error 1054: Unknown column 'is_del' in 'where clause'","time":1636079368102773000}
2021/11/05 10:30:18 {"callers":["/Users/sh33027ml/wangchenpeng-home/blog-service/main.go: 26 main.init.0"],"level":"error","message":"svc.CountTag err: Error 1054: Unknown column 'is_del' in 'where clause'","time":1636079418826689000}
2021/11/05 10:30:25 {"callers":["/Users/sh33027ml/wangchenpeng-home/blog-service/main.go: 26 main.init.0"],"level":"error","message":"svc.CountTag err: Error 1054: Unknown column 'is_del' in 'where clause'","time":1636079425775827000}
2021/11/05 10:30:31 {"callers":["/Users/sh33027ml/wangchenpeng-home/blog-service/main.go: 26 main.init.0"],"level":"error","message":"svc.CountTag err: Error 1054: Unknown column 'is_del' in 'where clause'","time":1636079431165651000}
2021/11/05 10:46:55 {"callers":["/Users/sh33027ml/wangchenpeng-home/blog-service/main.go: 26 main.init.0"],"level":"info","message":"eddycjy: my-go-programming/blog-service","time":1636080415725474000}
2021/11/05 10:47:08 {"callers":["/Users/sh33027ml/wangchenpeng-home/blog-service/main.go: 26 main.init.0"],"level":"info","message":"eddycjy: my-go-programming/blog-service","time":1636080428136501000}
2021/11/05 10:48:08 {"callers":["/Users/sh33027ml/wangchenpeng-home/blog-service/main.go: 26 main.init.0"],"level":"error","message":"app.BindAndValid errs: Name must be at least 3 characters in length","time":1636080488906761000}
2021/11/05 10:48:36 {"callers":["/Users/sh33027ml/wangchenpeng-home/blog-service/main.go: 26 main.init.0"],"level":"error","message":"svc.CountTag err: Error 1054: Unknown column 'is_del' in 'where clause'","time":1636080516340905000}
2021/11/05 10:48:43 {"callers":["/Users/sh33027ml/wangchenpeng-home/blog-service/main.go: 26 main.init.0"],"level":"error","message":"svc.CountTag err: Error 1054: Unknown column 'is_del' in 'where clause'","time":1636080523711238000}
2021/11/05 10:50:29 {"callers":["/Users/sh33027ml/wangchenpeng-home/blog-service/main.go: 26 main.init.0"],"level":"error","message":"app.BindAndValid errs: Name is a required field,CreateBy is a required field","time":1636080629738570000}
2021/11/05 10:52:21 {"callers":["/Users/sh33027ml/wangchenpeng-home/blog-service/main.go: 26 main.init.0"],"level":"info","message":"eddycjy: my-go-programming/blog-service","time":1636080741992003000}
2021/11/05 10:52:23 {"callers":["/Users/sh33027ml/wangchenpeng-home/blog-service/main.go: 26 main.init.0"],"level":"error","message":"app.BindAndValid errs: Name is a required field,CreateBy is a required field","time":1636080743322355000}
2021/11/05 10:52:30 {"callers":["/Users/sh33027ml/wangchenpeng-home/blog-service/main.go: 26 main.init.0"],"level":"error","message":"app.BindAndValid errs: Name is a required field,CreateBy is a required field","time":1636080750007811000}
2021/11/05 10:54:35 {"callers":["/Users/sh33027ml/wangchenpeng-home/blog-service/main.go: 26 main.init.0"],"level":"info","message":"eddycjy: my-go-programming/blog-service","time":1636080875566517000}
2021/11/05 10:54:37 {"callers":["/Users/sh33027ml/wangchenpeng-home/blog-service/main.go: 26 main.init.0"],"level":"error","message":"app.BindAndValid errs: CreateBy is a required field,Name is a required field","time":1636080877245276000}
2021/11/05 10:54:53 {"callers":["/Users/sh33027ml/wangchenpeng-home/blog-service/main.go: 26 main.init.0"],"level":"error","message":"app.BindAndValid errs: Name must be at least 3 characters in length","time":1636080893045496000}
2021/11/05 10:55:11 {"callers":["/Users/sh33027ml/wangchenpeng-home/blog-service/main.go: 26 main.init.0"],"level":"error","message":"app.BindAndValid errs: Name must be at least 3 characters in length","time":1636080911323427000}
2021/11/05 11:03:09 {"callers":["/Users/sh33027ml/wangchenpeng-home/blog-service/pkg/logger/logger.go: 87 github.com/wangchenpeng-home/blog-service/pkg/logger.(*Logger).WithCaller"],"level":"info","message":"eddycjy: my-go-programming/blog-service","time":1636081389324359000}
2021/11/05 11:03:11 {"callers":["/Users/sh33027ml/wangchenpeng-home/blog-service/pkg/logger/logger.go: 87 github.com/wangchenpeng-home/blog-service/pkg/logger.(*Logger).WithCaller"],"level":"error","message":"app.BindAndValid errs: Name must be at least 3 characters in length","time":1636081391136112000}
2021/11/05 11:03:56 {"callers":["/Users/sh33027ml/wangchenpeng-home/blog-service/main.go: 93 main.setupLogger"],"level":"info","message":"eddycjy: my-go-programming/blog-service","time":1636081436322658000}
2021/11/05 11:03:58 {"callers":["/Users/sh33027ml/wangchenpeng-home/blog-service/main.go: 93 main.setupLogger"],"level":"error","message":"app.BindAndValid errs: Name must be at least 3 characters in length","time":1636081438698637000}
2021/11/05 11:05:05 {"callers":["/usr/local/go/src/runtime/proc.go: 6498 runtime.doInit"],"level":"info","message":"eddycjy: my-go-programming/blog-service","time":1636081505048782000}
2021/11/05 11:05:07 {"callers":["/usr/local/go/src/runtime/proc.go: 6498 runtime.doInit"],"level":"error","message":"app.BindAndValid errs: Name must be at least 3 characters in length","time":1636081507577187000}
2021/11/05 11:05:35 {"callers":["/usr/local/go/src/runtime/proc.go: 238 runtime.main"],"level":"info","message":"eddycjy: my-go-programming/blog-service","time":1636081535575194000}
2021/11/05 11:05:49 {"callers":["/usr/local/go/src/runtime/proc.go: 238 runtime.main"],"level":"error","message":"app.BindAndValid errs: Name must be at least 3 characters in length","time":1636081549759195000}
2021/11/05 11:07:17 {"callers":null,"level":"info","message":"eddycjy: my-go-programming/blog-service","time":1636081637978039000}
2021/11/05 11:07:20 {"callers":null,"level":"error","message":"app.BindAndValid errs: Name must be at least 3 characters in length","time":1636081640126711000}
2021/11/05 11:07:44 {"callers":null,"level":"info","message":"eddycjy: my-go-programming/blog-service","time":1636081664970412000}
2021/11/05 11:07:46 {"callers":null,"level":"error","message":"app.BindAndValid errs: Name must be at least 3 characters in length","time":1636081666879986000}
2021/11/05 11:08:06 {"callers":["/usr/local/go/src/runtime/asm_amd64.s: 1581 runtime.goexit"],"level":"info","message":"eddycjy: my-go-programming/blog-service","time":1636081686158494000}
2021/11/05 11:08:07 {"callers":["/usr/local/go/src/runtime/asm_amd64.s: 1581 runtime.goexit"],"level":"error","message":"app.BindAndValid errs: Name must be at least 3 characters in length","time":1636081687250444000}
2021/11/05 11:08:42 {"callers":["/usr/local/go/src/runtime/extern.go: 199 runtime.Caller"],"level":"info","message":"eddycjy: my-go-programming/blog-service","time":1636081722518578000}
2021/11/05 11:08:46 {"callers":["/usr/local/go/src/runtime/extern.go: 199 runtime.Caller"],"level":"error","message":"app.BindAndValid errs: Name must be at least 3 characters in length","time":1636081726030750000}
2021/11/05 11:10:09 {"callers":["/Users/sh33027ml/wangchenpeng-home/blog-service/main.go: 26 main.init.0"],"level":"info","message":"eddycjy: my-go-programming/blog-service","time":1636081809977403000}
2021/11/05 11:11:48 {"callers":["/Users/sh33027ml/wangchenpeng-home/blog-service/main.go: 26 main.init.0"],"level":"error","message":"app.BindAndValid errs: Name must be at least 3 characters in length","time":1636081908652734000}
2021/11/05 11:12:19 {"callers":["/Users/sh33027ml/wangchenpeng-home/blog-service/main.go: 26 main.init.0"],"level":"info","message":"app.BindAndValid success","time":1636081939340703000}
2021/11/05 11:12:19 {"callers":["/Users/sh33027ml/wangchenpeng-home/blog-service/main.go: 26 main.init.0"],"level":"error","message":"svc.CreateTag err: Error 1054: Unknown column 'created_by' in 'field list'","time":1636081939344717000}
2021/11/05 11:19:23 {"callers":["/Users/sh33027ml/wangchenpeng-home/blog-service/main.go: 26 main.init.0"],"level":"info","message":"eddycjy: my-go-programming/blog-service","time":1636082363894040000}
2021/11/05 11:19:41 {"callers":["/Users/sh33027ml/wangchenpeng-home/blog-service/main.go: 26 main.init.0"],"level":"info","message":"app.BindAndValid success","time":1636082381252926000}
2021/11/05 11:19:41 {"callers":["/Users/sh33027ml/wangchenpeng-home/blog-service/main.go: 26 main.init.0"],"level":"error","message":"svc.CreateTag err: Error 1054: Unknown column 'created_by' in 'field list'","time":1636082381255330000}
2021/11/05 14:36:29 {"callers":["/Users/sh33027ml/wangchenpeng-home/blog-service/main.go: 27 main.init.0"],"level":"info","message":"eddycjy: my-go-programming/blog-service","time":1636094189851211000}
2021/11/05 14:36:46 {"callers":["/Users/sh33027ml/wangchenpeng-home/blog-service/main.go: 27 main.init.0"],"level":"info","message":"app.BindAndValid success","time":1636094206679090000}
2021/11/05 14:36:46 {"callers":["/Users/sh33027ml/wangchenpeng-home/blog-service/main.go: 27 main.init.0"],"level":"error","message":"svc.CreateTag err: Error 1054: Unknown column 'modified_by' in 'field list'","time":1636094206681813000}
2021/11/05 14:46:49 {"callers":["/Users/sh33027ml/wangchenpeng-home/blog-service/main.go: 27 main.init.0"],"level":"info","message":"app.BindAndValid success","time":1636094809057259000}
2021/11/05 14:47:45 {"callers":["/Users/sh33027ml/wangchenpeng-home/blog-service/main.go: 27 main.init.0"],"level":"info","message":"app.BindAndValid success","time":1636094865217135000}
2021/11/05 14:48:02 {"callers":["/Users/sh33027ml/wangchenpeng-home/blog-service/main.go: 27 main.init.0"],"level":"info","message":"app.BindAndValid success","time":1636094882734951000}
2021/11/05 17:53:13 {"callers":null,"level":"info","message":"eddycjy: my-go-programming/blog-service","time":1636105993384823000}
2021/11/05 17:53:27 {"callers":null,"level":"error","message":"app.BindAndValid errs: Name must be at least 3 characters in length","time":1636106007345305000}
2021/11/05 17:53:33 {"callers":null,"level":"error","message":"app.BindAndValid errs: Name must be at least 3 characters in length,CreateBy is a required field","time":1636106013856039000}
2021/11/05 18:44:47 {"callers":["/Users/sh33027ml/wangchenpeng-home/blog-service/main.go: 26 main.init.0"],"level":"info","message":"eddycjy: my-go-programming/blog-service","time":1636109087798905000}
2021/11/05 18:52:01 {"callers":["/Users/sh33027ml/wangchenpeng-home/blog-service/main.go: 26 main.init.0"],"level":"error","message":"svc.UploadFile err: file suffix is not supported","time":1636109521410865000}
2021/11/05 18:56:51 {"callers":["/Users/sh33027ml/wangchenpeng-home/blog-service/main.go: 27 main.init.0"],"level":"info","message":"eddycjy: my-go-programming/blog-service","time":1636109811880434000}
2021/11/05 18:57:17 {"callers":["/Users/sh33027ml/wangchenpeng-home/blog-service/main.go: 27 main.init.0"],"level":"error","message":"svc.UploadFile err: 12acd14e73603d7c8860624f02021b15file suffix is not supported","time":1636109837471722000}
2021/11/05 18:58:12 {"callers":["/Users/sh33027ml/wangchenpeng-home/blog-service/main.go: 27 main.init.0"],"level":"info","message":"eddycjy: my-go-programming/blog-service","time":1636109892452251000}
2021/11/05 18:59:28 {"callers":["/Users/sh33027ml/wangchenpeng-home/blog-service/main.go: 27 main.init.0"],"level":"error","message":"svc.UploadFile err: 12acd14e73603d7c8860624f02021b15file suffix is not supported","time":1636109968579658000}
2021/11/05 19:00:58 {"callers":["/Users/sh33027ml/wangchenpeng-home/blog-service/main.go: 27 main.init.0"],"level":"info","message":"eddycjy: my-go-programming/blog-service","time":1636110058394023000}
2021/11/10 10:43:31 {"callers":["/Users/sh33027ml/wangchenpeng-home/blog-service/main.go: 27 main.init.0"],"level":"info","message":"eddycjy: my-go-programming/blog-service","time":1636512211718777000}
2021/11/10 10:51:32 {"callers":["/Users/sh33027ml/wangchenpeng-home/blog-service/main.go: 27 main.init.0"],"level":"info","message":"eddycjy: my-go-programming/blog-service","time":1636512692539399000}
2021/11/10 10:51:35 {"callers":["/Users/sh33027ml/wangchenpeng-home/blog-service/main.go: 27 main.init.0"],"level":"error","message":"app.BindAndValid errs: %!v(MISSING)AppKey is a required field,AppSecret is a required field","time":1636512695137301000}
2021/11/10 10:52:04 {"callers":["/Users/sh33027ml/wangchenpeng-home/blog-service/main.go: 27 main.init.0"],"level":"error","message":"app.BindAndValid errs: %!v(MISSING)AppKey is a required field,AppSecret is a required field","time":1636512724719096000}
2021/11/10 10:52:30 {"callers":["/Users/sh33027ml/wangchenpeng-home/blog-service/main.go: 27 main.init.0"],"level":"error","message":"app.BindAndValid errs: %!v(MISSING)AppSecret is a required field,AppKey is a required field","time":1636512750788004000}
2021/11/10 10:54:23 {"callers":["/Users/sh33027ml/wangchenpeng-home/blog-service/main.go: 27 main.init.0"],"level":"error","message":"app.BindAndValid errs: %!v(MISSING)AppSecret is a required field,AppKey is a required field","time":1636512863440810000}
2021/11/10 10:55:17 {"callers":["/Users/sh33027ml/wangchenpeng-home/blog-service/main.go: 27 main.init.0"],"level":"info","message":"eddycjy: my-go-programming/blog-service","time":1636512917811823000}
2021/11/10 10:56:04 {"callers":["/Users/sh33027ml/wangchenpeng-home/blog-service/main.go: 27 main.init.0"],"level":"error","message":"app.BindAndValid errs: %!v(MISSING)AppKey is a required field,AppSecret is a required field","time":1636512964286079000}
2021/11/10 11:00:33 {"callers":["/Users/sh33027ml/wangchenpeng-home/blog-service/main.go: 27 main.init.0"],"level":"error","message":"app.BindAndValid errs: %!v(MISSING)AppKey is a required field,AppSecret is a required field","time":1636513233816083000}
2021/11/10 11:12:55 {"callers":["/Users/sh33027ml/wangchenpeng-home/blog-service/main.go: 27 main.init.0"],"level":"info","message":"eddycjy: my-go-programming/blog-service","time":1636513975610753000}
2021/11/10 11:13:01 {"callers":["/Users/sh33027ml/wangchenpeng-home/blog-service/main.go: 27 main.init.0"],"level":"error","message":"app.BindAndValid errs: %!v(MISSING)AppSecret is a required field,AppKey is a required field","time":1636513981186322000}
2021/11/10 11:18:34 {"callers":["/Users/sh33027ml/wangchenpeng-home/blog-service/main.go: 27 main.init.0"],"level":"info","message":"eddycjy: my-go-programming/blog-service","time":1636514314253530000}
2021/11/10 11:18:36 {"callers":["/Users/sh33027ml/wangchenpeng-home/blog-service/main.go: 27 main.init.0"],"level":"error","message":"app.BindAndValid errs: %!v(MISSING)AppKey is a required field,AppSecret is a required field","time":1636514316469789000}
2021/11/10 11:21:33 {"callers":["/Users/sh33027ml/wangchenpeng-home/blog-service/main.go: 27 main.init.0"],"level":"info","message":"eddycjy: my-go-programming/blog-service","time":1636514493999546000}
2021/11/10 11:21:39 {"callers":["/Users/sh33027ml/wangchenpeng-home/blog-service/main.go: 27 main.init.0"],"level":"error","message":"app.BindAndValid errs: %!v(MISSING)AppSecret is a required field,AppKey is a required field","time":1636514499417452000}
2021/11/10 11:25:04 {"callers":["/Users/sh33027ml/wangchenpeng-home/blog-service/main.go: 27 main.init.0"],"level":"info","message":"eddycjy: my-go-programming/blog-service","time":1636514704943198000}
2021/11/10 11:25:08 {"callers":["/Users/sh33027ml/wangchenpeng-home/blog-service/main.go: 27 main.init.0"],"level":"error","message":"app.BindAndValid errs: %!v(MISSING)AppKey is a required field,AppSecret is a required field","time":1636514708172394000}
2021/11/10 11:25:25 {"callers":["/Users/sh33027ml/wangchenpeng-home/blog-service/main.go: 27 main.init.0"],"level":"error","message":"app.BindAndValid errs: %!v(MISSING)AppKey is a required field,AppSecret is a required field","time":1636514725342366000}
2021/11/10 14:22:38 {"callers":["/Users/sh33027ml/wangchenpeng-home/blog-service/main.go: 27 main.init.0"],"level":"info","message":"eddycjy: my-go-programming/blog-service","time":1636525358816655000}
2021/11/10 14:25:00 {"callers":["/Users/sh33027ml/wangchenpeng-home/blog-service/main.go: 27 main.init.0"],"level":"info","message":"eddycjy: my-go-programming/blog-service","time":1636525500605631000}
2021/11/10 14:25:18 {"callers":["/Users/sh33027ml/wangchenpeng-home/blog-service/main.go: 27 main.init.0"],"level":"error","message":"app.BindAndValid errs: %!v(MISSING)AppKey is a required field,AppSecret is a required field","time":1636525518053922000}
2021/11/10 14:25:54 {"callers":["/Users/sh33027ml/wangchenpeng-home/blog-service/main.go: 27 main.init.0"],"level":"error","message":"app.BindAndValid errs: %!v(MISSING)AppKey is a required field,AppSecret is a required field","time":1636525554181876000}
2021/11/10 14:26:09 {"callers":["/Users/sh33027ml/wangchenpeng-home/blog-service/main.go: 27 main.init.0"],"level":"error","message":"app.BindAndValid errs: %!v(MISSING)AppKey is a required field,AppSecret is a required field","time":1636525569527047000}
2021/11/10 14:29:04 {"callers":["/Users/sh33027ml/wangchenpeng-home/blog-service/main.go: 27 main.init.0"],"level":"error","message":"app.BindAndValid errs: %!v(MISSING)AppKey is a required field,AppSecret is a required field","time":1636525744358388000}
2021/11/10 14:31:17 {"callers":["/Users/sh33027ml/wangchenpeng-home/blog-service/main.go: 27 main.init.0"],"level":"error","message":"app.BindAndValid errs: %!v(MISSING)AppKey is a required field,AppSecret is a required field","time":1636525877456380000}
2021/11/10 14:33:03 {"callers":["/Users/sh33027ml/wangchenpeng-home/blog-service/main.go: 27 main.init.0"],"level":"error","message":"app.BindAndValid errs: %!v(MISSING)AppKey is a required field,AppSecret is a required field","time":1636525983047350000}
2021/11/10 14:33:09 {"callers":["/Users/sh33027ml/wangchenpeng-home/blog-service/main.go: 27 main.init.0"],"level":"error","message":"app.BindAndValid errs: %!v(MISSING)AppSecret is a required field,AppKey is a required field","time":1636525989686882000}
2021/11/10 14:33:12 {"callers":["/Users/sh33027ml/wangchenpeng-home/blog-service/main.go: 27 main.init.0"],"level":"error","message":"app.BindAndValid errs: %!v(MISSING)AppKey is a required field,AppSecret is a required field","time":1636525992788593000}
2021/11/10 14:33:21 {"callers":["/Users/sh33027ml/wangchenpeng-home/blog-service/main.go: 27 main.init.0"],"level":"error","message":"app.BindAndValid errs: %!v(MISSING)AppKey is a required field,AppSecret is a required field","time":1636526001148058000}
2021/11/10 14:35:12 {"callers":["/Users/sh33027ml/wangchenpeng-home/blog-service/main.go: 27 main.init.0"],"level":"error","message":"app.GenerateToken err: key is of invalid type","time":1636526112620059000}
2021/11/10 14:35:27 {"callers":["/Users/sh33027ml/wangchenpeng-home/blog-service/main.go: 27 main.init.0"],"level":"error","message":"app.GenerateToken err: key is of invalid type","time":1636526127695757000}
2021/11/10 14:41:41 {"callers":["/Users/sh33027ml/wangchenpeng-home/blog-service/main.go: 27 main.init.0"],"level":"info","message":"eddycjy: my-go-programming/blog-service","time":1636526501413998000}
2021/11/10 14:41:46 {"callers":["/Users/sh33027ml/wangchenpeng-home/blog-service/main.go: 27 main.init.0"],"level":"error","message":"app.GenerateToken err: key is of invalid type","time":1636526506831517000}
2021/11/10 14:43:08 {"callers":["/Users/sh33027ml/wangchenpeng-home/blog-service/main.go: 27 main.init.0"],"level":"info","message":"eddycjy: my-go-programming/blog-service","time":1636526588480596000}
2021/11/10 14:43:14 {"callers":["/Users/sh33027ml/wangchenpeng-home/blog-service/main.go: 27 main.init.0"],"level":"error","message":"app.GenerateToken err: key is of invalid type","time":1636526594246296000}
2021/11/10 14:55:33 {"callers":["/Users/sh33027ml/wangchenpeng-home/blog-service/main.go: 27 main.init.0"],"level":"info","message":"eddycjy: my-go-programming/blog-service","time":1636527333817278000}
2021/11/10 14:55:38 {"callers":["/Users/sh33027ml/wangchenpeng-home/blog-service/main.go: 27 main.init.0"],"level":"error","message":"app.GenerateToken err: key is of invalid type","time":1636527338309362000}
2021/11/10 14:59:51 {"callers":["/Users/sh33027ml/wangchenpeng-home/blog-service/main.go: 27 main.init.0"],"level":"info","message":"eddycjy: my-go-programming/blog-service","time":1636527591198462000}
2021/11/10 15:00:08 {"callers":["/Users/sh33027ml/wangchenpeng-home/blog-service/main.go: 27 main.init.0"],"level":"error","message":"app.GenerateToken err: key is of invalid type","time":1636527608319466000}
2021/11/10 15:01:01 {"callers":["/Users/sh33027ml/wangchenpeng-home/blog-service/main.go: 27 main.init.0"],"level":"info","message":"eddycjy: my-go-programming/blog-service","time":1636527661288408000}
2021/11/10 15:01:04 {"callers":["/Users/sh33027ml/wangchenpeng-home/blog-service/main.go: 27 main.init.0"],"level":"error","message":"app.GenerateToken err: key is of invalid type","time":1636527664388546000}
2021/11/10 15:05:44 {"callers":["/Users/sh33027ml/wangchenpeng-home/blog-service/main.go: 27 main.init.0"],"level":"info","message":"eddycjy: my-go-programming/blog-service","time":1636527944815058000}
